[I 260202 10:03:22 connection:67] SmartAPI WebSocket Opened - Ready for subscriptions
[I 260202 10:03:37 consumers:336] Fetching historical candles with params: {'exchange': 'NSE', 'symboltoken': '99926000', 'interval': 'FIFTEEN_MINUTE', 'fromdate': '2026-01-25 09:00', 'todate': '2026-01-28 15:30'}
[E 260202 10:03:37 smartConnect:246] Error occurred while making a POST request to https://apiconnect.angelone.in/rest/secure/angelbroking/historical/v1/getCandleData. Error: Something Went Wrong, Please Try After Sometime. URL: https://apiconnect.angelone.in/rest/secure/angelbroking/historical/v1/getCandleData, Headers: {'Content-type': 'application/json', 'X-ClientLocalIP': '127.0.0.1', 'X-ClientPublicIP': '106.193.147.98', 'X-MACAddress': '30:9c:23:7c:86:e1', 'Accept': 'application/json', 'X-PrivateKey': 'iARx2hbi', 'X-UserType': 'USER', 'X-SourceID': 'WEB'}, Request: {'exchange': 'NSE', 'symboltoken': '99926000', 'interval': 'FIFTEEN_MINUTE', 'fromdate': '2026-01-25 09:00', 'todate': '2026-01-28 15:30'}, Response: {'message': 'Something Went Wrong, Please Try After Sometime', 'errorcode': 'AB1004', 'status': False, 'data': None}
[E 260202 10:03:37 consumers:418] Historical fetch exception: object of type 'NoneType' has no len()
[W 260202 10:04:00 smartWebSocketV2:318] Attempting to resubscribe/reconnect (Attempt 1)...
[I 260202 10:04:00 smartConnect:124] in pool
[E 260202 10:04:01 connection:111] Critical error in connection setup: Couldn't parse the JSON response received from the server: b'Access denied because of exceeding access rate'
[E 260202 10:04:02 connection:111] Critical error in connection setup: Couldn't parse the JSON response received from the server: b'Access denied because of exceeding access rate'
[I 260202 10:04:22 connection:67] SmartAPI WebSocket Opened - Ready for subscriptions
[I 260202 10:04:34 consumers:336] Fetching historical candles with params: {'exchange': 'NSE', 'symboltoken': '99926000', 'interval': 'FIFTEEN_MINUTE', 'fromdate': '2026-01-25 09:00', 'todate': '2026-01-28 15:30'}
[I 260202 10:04:35 consumers:343] Historical data fetched - 50 candles
[I 260202 10:04:35 strategies:48] ADX Signal: {'action': 'BUY', 'reason': '+DI 25.34 > 20 (strong uptrend)', 'confidence': 'high'}
[I 260202 10:04:35 strategies:78] MACD Signal: {'action': 'BUY', 'reason': 'MACD line 30.6986 > 0 (bullish)'}
[I 260202 10:04:35 consumers:397] Strategy check for 99926000: ADX={'action': 'BUY', 'reason': '+DI 25.34 > 20 (strong uptrend)', 'confidence': 'high'}, MACD={'action': 'BUY', 'reason': 'MACD line 30.6986 > 0 (bullish)'}, CurrentSide=NONE
[I 260202 10:04:35 consumers:439] Signal generated for 99926000 (99926000): BUY - +DI 25.34 > 20 (strong uptrend) | Current position: NONE
[I 260202 10:04:35 consumers:498] Position opened: LONG 99926000 @ 25348.05 (qty: 1)
[I 260202 10:04:35 consumers:457] Simulated BUY entry for 99926000 @ 25348.05
[I 260202 10:04:35 consumers:439] Signal generated for 99926000 (99926000): BUY - MACD line 30.6986 > 0 (bullish) | Current position: LONG
[E 260202 10:52:56 connection:111] Critical error in connection setup: Couldn't parse the JSON response received from the server: b'Access denied because of exceeding access rate'
[I 260202 10:53:17 connection:67] SmartAPI WebSocket Opened - Ready for subscriptions
[I 260202 10:53:29 consumers:346] Fetching historical candles with params: {'exchange': 'NSE', 'symboltoken': '99926000', 'interval': 'FIFTEEN_MINUTE', 'fromdate': '2026-01-25 09:00', 'todate': '2026-01-28 15:30'}
[I 260202 10:53:29 consumers:353] Historical data fetched - 50 candles
[I 260202 10:53:29 strategies:48] ADX Signal: {'action': 'BUY', 'reason': '+DI 25.34 > 20 (strong uptrend)', 'confidence': 'high'}
[I 260202 10:53:29 strategies:78] MACD Signal: {'action': 'BUY', 'reason': 'MACD line 30.6986 > 0 (bullish)'}
[I 260202 10:53:29 consumers:398] Strategy check for 99926000: ADX={'action': 'BUY', 'reason': '+DI 25.34 > 20 (strong uptrend)', 'confidence': 'high'}, MACD={'action': 'BUY', 'reason': 'MACD line 30.6986 > 0 (bullish)'}, CurrentSide=NONE
[E 260202 10:53:29 consumers:449] Failed to create position in DB: Position() got unexpected keyword arguments: 'side'
[E 260202 10:53:29 consumers:449] Failed to create position in DB: Position() got unexpected keyword arguments: 'side'
[I 260202 11:00:12 connection:67] SmartAPI WebSocket Opened - Ready for subscriptions
[I 260202 11:00:31 consumers:346] Fetching historical candles with params: {'exchange': 'NSE', 'symboltoken': '99926000', 'interval': 'FIFTEEN_MINUTE', 'fromdate': '2026-01-25 09:00', 'todate': '2026-01-28 15:30'}
[E 260202 11:00:31 smartConnect:246] Error occurred while making a POST request to https://apiconnect.angelone.in/rest/secure/angelbroking/historical/v1/getCandleData. Error: Something Went Wrong, Please Try After Sometime. URL: https://apiconnect.angelone.in/rest/secure/angelbroking/historical/v1/getCandleData, Headers: {'Content-type': 'application/json', 'X-ClientLocalIP': '127.0.0.1', 'X-ClientPublicIP': '106.193.147.98', 'X-MACAddress': '30:9c:23:7c:86:e1', 'Accept': 'application/json', 'X-PrivateKey': 'iARx2hbi', 'X-UserType': 'USER', 'X-SourceID': 'WEB'}, Request: {'exchange': 'NSE', 'symboltoken': '99926000', 'interval': 'FIFTEEN_MINUTE', 'fromdate': '2026-01-25 09:00', 'todate': '2026-01-28 15:30'}, Response: {'message': 'Something Went Wrong, Please Try After Sometime', 'errorcode': 'AB1004', 'status': False, 'data': None}
[E 260202 11:00:31 consumers:417] Historical fetch exception: object of type 'NoneType' has no len()
